#
# There is insufficient memory for the Java Runtime Environment to continue.
# Native memory allocation (malloc) failed to allocate 2105616 bytes for Chunk::new
# Possible reasons:
#   The system is out of physical RAM or swap space
#   The process is running with CompressedOops enabled, and the Java Heap may be blocking the growth of the native heap
# Possible solutions:
#   Reduce memory load on the system
#   Increase physical memory or swap space
#   Check if swap backing store is full
#   Decrease Java heap size (-Xmx/-Xms)
#   Decrease number of Java threads
#   Decrease Java thread stack sizes (-Xss)
#   Set larger code cache with -XX:ReservedCodeCacheSize=
#   JVM is running with Unscaled Compressed Oops mode in which the Java heap is
#     placed in the first 4GB address space. The Java Heap base address is the
#     maximum limit for the native heap growth. Please use -XX:HeapBaseMinAddress
#     to set the Java Heap base and to place the Java Heap above 4GB virtual address.
# This output file may be truncated or incomplete.
#
#  Out of Memory Error (./open/src/hotspot/share/memory/arena.cpp:197), pid=744, tid=14684
#
# JRE version: Java(TM) SE Runtime Environment 18.9 (11.0.8+10) (build 11.0.8+10-LTS)
# Java VM: Java HotSpot(TM) 64-Bit Server VM 18.9 (11.0.8+10-LTS, mixed mode, tiered, compressed oops, g1 gc, windows-amd64)
# No core dump will be written. Minidumps are not enabled by default on client versions of Windows
#

---------------  S U M M A R Y ------------

Command Line: -ea -javaagent:C:\Users\Loic\.IntelliJIdea2019.3\system\testAgent\intellij-coverage-agent-1.0.508.jar=C:\Users\Loic\AppData\Local\Temp\coverage1904args -Didea.test.cyclic.buffer.size=1048576 -javaagent:C:\Program Files\JetBrains\IntelliJ IDEA 2019.3.4\lib\idea_rt.jar=61530:C:\Program Files\JetBrains\IntelliJ IDEA 2019.3.4\bin -Dfile.encoding=UTF-8 com.intellij.rt.junit.JUnitStarter -ideVersion5 -junit5 @w@C:\Users\Loic\AppData\Local\Temp\idea_working_dirs_junit.tmp @C:\Users\Loic\AppData\Local\Temp\idea_junit.tmp

Host: Intel(R) Core(TM) i5-4300U CPU @ 1.90GHz, 4 cores, 3G,  Windows 10 , 64 bit Build 17763 (10.0.17763.475)
Time: Wed Nov  4 11:02:43 2020 Est elapsed time: 16 seconds (0d 0h 0m 16s)

---------------  T H R E A D  ---------------

Current thread (0x000002397ef15800):  JavaThread "C2 CompilerThread0" daemon [_thread_in_native, id=14684, stack(0x000000cff5700000,0x000000cff5800000)]


Current CompileTask:
C2:  16874 3450       4       org.springframework.core.ResolvableType::forType (115 bytes)

Stack: [0x000000cff5700000,0x000000cff5800000]
Native frames: (J=compiled Java code, j=interpreted, Vv=VM code, C=native code)
V  [jvm.dll+0x601aea]
V  [jvm.dll+0x737fef]
V  [jvm.dll+0x739675]
V  [jvm.dll+0x739cf3]
V  [jvm.dll+0x242848]
V  [jvm.dll+0xb999c]
V  [jvm.dll+0xb9f2c]
V  [jvm.dll+0x3441a7]
V  [jvm.dll+0x312003]
V  [jvm.dll+0x31134a]
V  [jvm.dll+0x1fc2e5]
V  [jvm.dll+0x1fb49f]
V  [jvm.dll+0x17e0fc]
V  [jvm.dll+0x20aaa4]
V  [jvm.dll+0x208b7b]
V  [jvm.dll+0x6ff90c]
V  [jvm.dll+0x6f845c]
V  [jvm.dll+0x600d66]
C  [ucrtbase.dll+0x2268a]
C  [KERNEL32.DLL+0x17974]
C  [ntdll.dll+0x6a271]


---------------  P R O C E S S  ---------------

Threads class SMR info:
_java_thread_list=0x000002391bea3bf0, length=11, elements={
0x000002397c3db800, 0x000002397ee93800, 0x000002397eeb7000, 0x000002397ef13800,
0x000002397ef14800, 0x000002397ef15800, 0x000002397f898000, 0x000002397f8ab000,
0x000002397f9b2800, 0x000002397fb57800, 0x000002397fb59000
}

Java Threads: ( => current thread )
  0x000002397c3db800 JavaThread "main" [_thread_in_native, id=15576, stack(0x000000cff4c00000,0x000000cff4d00000)]
  0x000002397ee93800 JavaThread "Reference Handler" daemon [_thread_blocked, id=15056, stack(0x000000cff5300000,0x000000cff5400000)]
  0x000002397eeb7000 JavaThread "Finalizer" daemon [_thread_blocked, id=16348, stack(0x000000cff5400000,0x000000cff5500000)]
  0x000002397ef13800 JavaThread "Signal Dispatcher" daemon [_thread_blocked, id=7568, stack(0x000000cff5500000,0x000000cff5600000)]
  0x000002397ef14800 JavaThread "Attach Listener" daemon [_thread_blocked, id=5008, stack(0x000000cff5600000,0x000000cff5700000)]
=>0x000002397ef15800 JavaThread "C2 CompilerThread0" daemon [_thread_in_native, id=14684, stack(0x000000cff5700000,0x000000cff5800000)]
  0x000002397f898000 JavaThread "C1 CompilerThread0" daemon [_thread_blocked, id=1660, stack(0x000000cff5800000,0x000000cff5900000)]
  0x000002397f8ab000 JavaThread "Sweeper thread" daemon [_thread_blocked, id=6852, stack(0x000000cff5900000,0x000000cff5a00000)]
  0x000002397f9b2800 JavaThread "Common-Cleaner" daemon [_thread_blocked, id=15688, stack(0x000000cff5a00000,0x000000cff5b00000)]
  0x000002397fb57800 JavaThread "Monitor Ctrl-Break" daemon [_thread_in_native, id=6704, stack(0x000000cff5b00000,0x000000cff5c00000)]
  0x000002397fb59000 JavaThread "Service Thread" daemon [_thread_blocked, id=8368, stack(0x000000cff5c00000,0x000000cff5d00000)]

Other Threads:
  0x000002397ee91000 VMThread "VM Thread" [stack: 0x000000cff5200000,0x000000cff5300000] [id=10696]
  0x000002397fb5e000 WatcherThread [stack: 0x000000cff5d00000,0x000000cff5e00000] [id=8032]
  0x000002397c3f1000 GCTaskThread "GC Thread#0" [stack: 0x000000cff4d00000,0x000000cff4e00000] [id=14380]
  0x00000239198cf800 GCTaskThread "GC Thread#1" [stack: 0x000000cff5e00000,0x000000cff5f00000] [id=8340]
  0x000002391a457000 GCTaskThread "GC Thread#2" [stack: 0x000000cff6100000,0x000000cff6200000] [id=13584]
  0x000002391a2d0800 GCTaskThread "GC Thread#3" [stack: 0x000000cff6200000,0x000000cff6300000] [id=16980]
  0x000002397c410800 ConcurrentGCThread "G1 Main Marker" [stack: 0x000000cff4e00000,0x000000cff4f00000] [id=5228]
  0x000002397c412800 ConcurrentGCThread "G1 Conc#0" [stack: 0x000000cff4f00000,0x000000cff5000000] [id=8100]
  0x000002397c46a000 ConcurrentGCThread "G1 Refine#0" [stack: 0x000000cff5000000,0x000000cff5100000] [id=7420]
  0x000002397fb29000 ConcurrentGCThread "G1 Refine#1" [stack: 0x000000cff5f00000,0x000000cff6000000] [id=17172]
  0x000002397c46c000 ConcurrentGCThread "G1 Young RemSet Sampling" [stack: 0x000000cff5100000,0x000000cff5200000] [id=11644]

Threads with active compile tasks:
C2 CompilerThread0  16928 3450       4       org.springframework.core.ResolvableType::forType (115 bytes)

VM state:not at safepoint (normal execution)

VM Mutex/Monitor currently owned by a thread: None

Heap address: 0x00000000c1600000, size: 1002 MB, Compressed Oops mode: 32-bit
Narrow klass base: 0x0000000000000000, Narrow klass shift: 3
Compressed class space size: 1073741824 Address: 0x0000000100000000

Heap:
 garbage-first heap   total 78848K, used 30532K [0x00000000c1600000, 0x0000000100000000)
  region size 1024K, 19 young (19456K), 3 survivors (3072K)
 Metaspace       used 35999K, capacity 37016K, committed 37248K, reserved 1081344K
  class space    used 4312K, capacity 4721K, committed 4736K, reserved 1048576K
Heap Regions: E=young(eden), S=young(survivor), O=old, HS=humongous(starts), HC=humongous(continues), CS=collection set, F=free, A=archive, TAMS=top-at-mark-start (previous, next)
|   0|0x00000000c1600000, 0x00000000c1700000, 0x00000000c1700000|100%|HS|  |TAMS 0x00000000c1700000, 0x00000000c1600000| Complete 
|   1|0x00000000c1700000, 0x00000000c1800000, 0x00000000c1800000|100%| O|  |TAMS 0x00000000c1800000, 0x00000000c1700000| Untracked 
|   2|0x00000000c1800000, 0x00000000c1900000, 0x00000000c1900000|100%| O|  |TAMS 0x00000000c1900000, 0x00000000c1800000| Untracked 
|   3|0x00000000c1900000, 0x00000000c1a00000, 0x00000000c1a00000|100%| O|  |TAMS 0x00000000c1a00000, 0x00000000c1900000| Untracked 
|   4|0x00000000c1a00000, 0x00000000c1b00000, 0x00000000c1b00000|100%| O|  |TAMS 0x00000000c1b00000, 0x00000000c1a00000| Untracked 
|   5|0x00000000c1b00000, 0x00000000c1c00000, 0x00000000c1c00000|100%| O|  |TAMS 0x00000000c1c00000, 0x00000000c1b00000| Untracked 
|   6|0x00000000c1c00000, 0x00000000c1d00000, 0x00000000c1d00000|100%| O|  |TAMS 0x00000000c1d00000, 0x00000000c1c00000| Untracked 
|   7|0x00000000c1d00000, 0x00000000c1e00000, 0x00000000c1e00000|100%| O|  |TAMS 0x00000000c1e00000, 0x00000000c1d00000| Untracked 
|   8|0x00000000c1e00000, 0x00000000c1f00000, 0x00000000c1f00000|100%| O|  |TAMS 0x00000000c1f00000, 0x00000000c1e00000| Untracked 
|   9|0x00000000c1f00000, 0x00000000c2000000, 0x00000000c2000000|100%| O|  |TAMS 0x00000000c2000000, 0x00000000c1f00000| Untracked 
|  10|0x00000000c2000000, 0x00000000c2100000, 0x00000000c2100000|100%| O|  |TAMS 0x00000000c2100000, 0x00000000c2000000| Untracked 
|  11|0x00000000c2100000, 0x00000000c21d1200, 0x00000000c2200000| 81%| O|  |TAMS 0x00000000c21d1200, 0x00000000c2100000| Untracked 
|  12|0x00000000c2200000, 0x00000000c2200000, 0x00000000c2300000|  0%| F|  |TAMS 0x00000000c2200000, 0x00000000c2200000| Untracked 
|  13|0x00000000c2300000, 0x00000000c2300000, 0x00000000c2400000|  0%| F|  |TAMS 0x00000000c2300000, 0x00000000c2300000| Untracked 
|  14|0x00000000c2400000, 0x00000000c2400000, 0x00000000c2500000|  0%| F|  |TAMS 0x00000000c2400000, 0x00000000c2400000| Untracked 
|  15|0x00000000c2500000, 0x00000000c2500000, 0x00000000c2600000|  0%| F|  |TAMS 0x00000000c2500000, 0x00000000c2500000| Untracked 
|  16|0x00000000c2600000, 0x00000000c2600000, 0x00000000c2700000|  0%| F|  |TAMS 0x00000000c2600000, 0x00000000c2600000| Untracked 
|  17|0x00000000c2700000, 0x00000000c2700000, 0x00000000c2800000|  0%| F|  |TAMS 0x00000000c2700000, 0x00000000c2700000| Untracked 
|  18|0x00000000c2800000, 0x00000000c2800000, 0x00000000c2900000|  0%| F|  |TAMS 0x00000000c2800000, 0x00000000c2800000| Untracked 
|  19|0x00000000c2900000, 0x00000000c2900000, 0x00000000c2a00000|  0%| F|  |TAMS 0x00000000c2900000, 0x00000000c2900000| Untracked 
|  20|0x00000000c2a00000, 0x00000000c2a00000, 0x00000000c2b00000|  0%| F|  |TAMS 0x00000000c2a00000, 0x00000000c2a00000| Untracked 
|  21|0x00000000c2b00000, 0x00000000c2b00000, 0x00000000c2c00000|  0%| F|  |TAMS 0x00000000c2b00000, 0x00000000c2b00000| Untracked 
|  22|0x00000000c2c00000, 0x00000000c2c00000, 0x00000000c2d00000|  0%| F|  |TAMS 0x00000000c2c00000, 0x00000000c2c00000| Untracked 
|  23|0x00000000c2d00000, 0x00000000c2d00000, 0x00000000c2e00000|  0%| F|  |TAMS 0x00000000c2d00000, 0x00000000c2d00000| Untracked 
|  24|0x00000000c2e00000, 0x00000000c2e00000, 0x00000000c2f00000|  0%| F|  |TAMS 0x00000000c2e00000, 0x00000000c2e00000| Untracked 
|  25|0x00000000c2f00000, 0x00000000c2f00000, 0x00000000c3000000|  0%| F|  |TAMS 0x00000000c2f00000, 0x00000000c2f00000| Untracked 
|  26|0x00000000c3000000, 0x00000000c3000000, 0x00000000c3100000|  0%| F|  |TAMS 0x00000000c3000000, 0x00000000c3000000| Untracked 
|  27|0x00000000c3100000, 0x00000000c3100000, 0x00000000c3200000|  0%| F|  |TAMS 0x00000000c3100000, 0x00000000c3100000| Untracked 
|  28|0x00000000c3200000, 0x00000000c3200000, 0x00000000c3300000|  0%| F|  |TAMS 0x00000000c3200000, 0x00000000c3200000| Untracked 
|  29|0x00000000c3300000, 0x00000000c3300000, 0x00000000c3400000|  0%| F|  |TAMS 0x00000000c3300000, 0x00000000c3300000| Untracked 
|  30|0x00000000c3400000, 0x00000000c3400000, 0x00000000c3500000|  0%| F|  |TAMS 0x00000000c3400000, 0x00000000c3400000| Untracked 
|  31|0x00000000c3500000, 0x00000000c3500000, 0x00000000c3600000|  0%| F|  |TAMS 0x00000000c3500000, 0x00000000c3500000| Untracked 
|  32|0x00000000c3600000, 0x00000000c3600000, 0x00000000c3700000|  0%| F|  |TAMS 0x00000000c3600000, 0x00000000c3600000| Untracked 
|  33|0x00000000c3700000, 0x00000000c3700000, 0x00000000c3800000|  0%| F|  |TAMS 0x00000000c3700000, 0x00000000c3700000| Untracked 
|  34|0x00000000c3800000, 0x00000000c3800000, 0x00000000c3900000|  0%| F|  |TAMS 0x00000000c3800000, 0x00000000c3800000| Untracked 
|  35|0x00000000c3900000, 0x00000000c3900000, 0x00000000c3a00000|  0%| F|  |TAMS 0x00000000c3900000, 0x00000000c3900000| Untracked 
|  36|0x00000000c3a00000, 0x00000000c3a00000, 0x00000000c3b00000|  0%| F|  |TAMS 0x00000000c3a00000, 0x00000000c3a00000| Untracked 
|  37|0x00000000c3b00000, 0x00000000c3b00000, 0x00000000c3c00000|  0%| F|  |TAMS 0x00000000c3b00000, 0x00000000c3b00000| Untracked 
|  38|0x00000000c3c00000, 0x00000000c3c00000, 0x00000000c3d00000|  0%| F|  |TAMS 0x00000000c3c00000, 0x00000000c3c00000| Untracked 
|  39|0x00000000c3d00000, 0x00000000c3d00000, 0x00000000c3e00000|  0%| F|  |TAMS 0x00000000c3d00000, 0x00000000c3d00000| Untracked 
|  40|0x00000000c3e00000, 0x00000000c3e00000, 0x00000000c3f00000|  0%| F|  |TAMS 0x00000000c3e00000, 0x00000000c3e00000| Untracked 
|  41|0x00000000c3f00000, 0x00000000c3f00000, 0x00000000c4000000|  0%| F|  |TAMS 0x00000000c3f00000, 0x00000000c3f00000| Untracked 
|  42|0x00000000c4000000, 0x00000000c4000000, 0x00000000c4100000|  0%| F|  |TAMS 0x00000000c4000000, 0x00000000c4000000| Untracked 
|  43|0x00000000c4100000, 0x00000000c4100000, 0x00000000c4200000|  0%| F|  |TAMS 0x00000000c4100000, 0x00000000c4100000| Untracked 
|  44|0x00000000c4200000, 0x00000000c4200000, 0x00000000c4300000|  0%| F|  |TAMS 0x00000000c4200000, 0x00000000c4200000| Untracked 
|  45|0x00000000c4300000, 0x00000000c4300000, 0x00000000c4400000|  0%| F|  |TAMS 0x00000000c4300000, 0x00000000c4300000| Untracked 
|  46|0x00000000c4400000, 0x00000000c4400000, 0x00000000c4500000|  0%| F|  |TAMS 0x00000000c4400000, 0x00000000c4400000| Untracked 
|  47|0x00000000c4500000, 0x00000000c4500000, 0x00000000c4600000|  0%| F|  |TAMS 0x00000000c4500000, 0x00000000c4500000| Untracked 
|  48|0x00000000c4600000, 0x00000000c4600000, 0x00000000c4700000|  0%| F|  |TAMS 0x00000000c4600000, 0x00000000c4600000| Untracked 
|  49|0x00000000c4700000, 0x00000000c4700000, 0x00000000c4800000|  0%| F|  |TAMS 0x00000000c4700000, 0x00000000c4700000| Untracked 
|  50|0x00000000c4800000, 0x00000000c4800000, 0x00000000c4900000|  0%| F|  |TAMS 0x00000000c4800000, 0x00000000c4800000| Untracked 
|  51|0x00000000c4900000, 0x00000000c4900000, 0x00000000c4a00000|  0%| F|  |TAMS 0x00000000c4900000, 0x00000000c4900000| Untracked 
|  52|0x00000000c4a00000, 0x00000000c4a00000, 0x00000000c4b00000|  0%| F|  |TAMS 0x00000000c4a00000, 0x00000000c4a00000| Untracked 
|  53|0x00000000c4b00000, 0x00000000c4b00000, 0x00000000c4c00000|  0%| F|  |TAMS 0x00000000c4b00000, 0x00000000c4b00000| Untracked 
|  54|0x00000000c4c00000, 0x00000000c4c00000, 0x00000000c4d00000|  0%| F|  |TAMS 0x00000000c4c00000, 0x00000000c4c00000| Untracked 
|  55|0x00000000c4d00000, 0x00000000c4d00000, 0x00000000c4e00000|  0%| F|  |TAMS 0x00000000c4d00000, 0x00000000c4d00000| Untracked 
|  56|0x00000000c4e00000, 0x00000000c4e00000, 0x00000000c4f00000|  0%| F|  |TAMS 0x00000000c4e00000, 0x00000000c4e00000| Untracked 
|  57|0x00000000c4f00000, 0x00000000c4f00000, 0x00000000c5000000|  0%| F|  |TAMS 0x00000000c4f00000, 0x00000000c4f00000| Untracked 
|  58|0x00000000c5000000, 0x00000000c507af30, 0x00000000c5100000| 48%| E|  |TAMS 0x00000000c5000000, 0x00000000c5000000| Complete 
|  59|0x00000000c5100000, 0x00000000c5200000, 0x00000000c5200000|100%| S|CS|TAMS 0x00000000c5100000, 0x00000000c5100000| Complete 
|  60|0x00000000c5200000, 0x00000000c5300000, 0x00000000c5300000|100%| S|CS|TAMS 0x00000000c5200000, 0x00000000c5200000| Complete 
|  61|0x00000000c5300000, 0x00000000c5400000, 0x00000000c5400000|100%| S|CS|TAMS 0x00000000c5300000, 0x00000000c5300000| Complete 
|  62|0x00000000c5400000, 0x00000000c5500000, 0x00000000c5500000|100%| E|CS|TAMS 0x00000000c5400000, 0x00000000c5400000| Complete 
|  63|0x00000000c5500000, 0x00000000c5600000, 0x00000000c5600000|100%| E|CS|TAMS 0x00000000c5500000, 0x00000000c5500000| Complete 
|  64|0x00000000c5600000, 0x00000000c5700000, 0x00000000c5700000|100%| E|CS|TAMS 0x00000000c5600000, 0x00000000c5600000| Complete 
|  65|0x00000000c5700000, 0x00000000c5800000, 0x00000000c5800000|100%| E|CS|TAMS 0x00000000c5700000, 0x00000000c5700000| Complete 
|  66|0x00000000c5800000, 0x00000000c5900000, 0x00000000c5900000|100%| E|CS|TAMS 0x00000000c5800000, 0x00000000c5800000| Complete 
|  67|0x00000000c5900000, 0x00000000c5a00000, 0x00000000c5a00000|100%| E|CS|TAMS 0x00000000c5900000, 0x00000000c5900000| Complete 
|  68|0x00000000c5a00000, 0x00000000c5b00000, 0x00000000c5b00000|100%| E|CS|TAMS 0x00000000c5a00000, 0x00000000c5a00000| Complete 
|  69|0x00000000c5b00000, 0x00000000c5c00000, 0x00000000c5c00000|100%| E|CS|TAMS 0x00000000c5b00000, 0x00000000c5b00000| Complete 
|  70|0x00000000c5c00000, 0x00000000c5d00000, 0x00000000c5d00000|100%| E|CS|TAMS 0x00000000c5c00000, 0x00000000c5c00000| Complete 
|  71|0x00000000c5d00000, 0x00000000c5e00000, 0x00000000c5e00000|100%| E|CS|TAMS 0x00000000c5d00000, 0x00000000c5d00000| Complete 
|  72|0x00000000c5e00000, 0x00000000c5f00000, 0x00000000c5f00000|100%| E|CS|TAMS 0x00000000c5e00000, 0x00000000c5e00000| Complete 
|  73|0x00000000c5f00000, 0x00000000c6000000, 0x00000000c6000000|100%| E|CS|TAMS 0x00000000c5f00000, 0x00000000c5f00000| Complete 
|  74|0x00000000c6000000, 0x00000000c6100000, 0x00000000c6100000|100%| E|CS|TAMS 0x00000000c6000000, 0x00000000c6000000| Complete 
|  75|0x00000000c6100000, 0x00000000c6200000, 0x00000000c6200000|100%| E|CS|TAMS 0x00000000c6100000, 0x00000000c6100000| Complete 
|  76|0x00000000c6200000, 0x00000000c6300000, 0x00000000c6300000|100%| E|CS|TAMS 0x00000000c6200000, 0x00000000c6200000| Complete 

Card table byte_map: [0x000002397c6a0000,0x000002397c8a0000] _byte_map_base: 0x000002397c095000

Marking Bits (Prev, Next): (CMBitMap*) 0x000002397c40ba48, (CMBitMap*) 0x000002397c40ba80
 Prev Bits: [0x000002397caa0000, 0x000002397da48000)
 Next Bits: [0x000002397da50000, 0x000002397e9f8000)

Polling page: 0x000002397a1f0000

Metaspace:

Usage:
  Non-class:     31.54 MB capacity,    30.96 MB ( 98%) used,   473.31 KB (  1%) free+waste,   122.81 KB ( <1%) overhead. 
      Class:      4.64 MB capacity,     4.21 MB ( 91%) used,   380.91 KB (  8%) free+waste,    59.25 KB (  1%) overhead. 
       Both:     36.18 MB capacity,    35.17 MB ( 97%) used,   854.23 KB (  2%) free+waste,   182.06 KB ( <1%) overhead. 

Virtual space:
  Non-class space:       32.00 MB reserved,      31.75 MB (>99%) committed 
      Class space:        1.00 GB reserved,       4.75 MB ( <1%) committed 
             Both:        1.03 GB reserved,      36.50 MB (  3%) committed 

Chunk freelists:
   Non-Class:  3.13 KB
       Class:  1.88 KB
        Both:  5.00 KB

CodeHeap 'non-profiled nmethods': size=120064Kb used=1484Kb max_used=1484Kb free=118580Kb
 bounds [0x000002390fdf0000, 0x0000023910060000, 0x0000023917330000]
CodeHeap 'profiled nmethods': size=120000Kb used=7474Kb max_used=7474Kb free=112525Kb
 bounds [0x00000239088c0000, 0x0000023909020000, 0x000002390fdf0000]
CodeHeap 'non-nmethods': size=5696Kb used=1149Kb max_used=1202Kb free=4546Kb
 bounds [0x0000023908330000, 0x00000239085a0000, 0x00000239088c0000]
 total_blobs=3650 nmethods=3171 adapters=390
 compilation: enabled
              stopped_count=0, restarted_count=0
 full_count=0

Compilation events (10 events):
Event: 16.632 Thread 0x000002397ef15800 3449       4       org.springframework.beans.factory.support.AbstractAutowireCapableBeanFactory::predictBeanType (138 bytes)
Event: 16.633 Thread 0x000002397f898000 nmethod 3448 0x0000023909007e90 code [0x0000023909008460, 0x000002390900cb60]
Event: 16.633 Thread 0x000002397f898000 3446       3       org.springframework.core.type.StandardAnnotationMetadata::isAnnotatedMethod (29 bytes)
Event: 16.635 Thread 0x000002397f898000 nmethod 3446 0x000002390900db90 code [0x000002390900de20, 0x000002390900ea60]
Event: 16.635 Thread 0x000002397f898000 3452       3       org.springframework.core.SerializableTypeWrapper$MethodParameterTypeProvider::<init> (59 bytes)
Event: 16.635 Thread 0x000002397f898000 nmethod 3452 0x000002390900ee90 code [0x000002390900f0c0, 0x000002390900fc20]
Event: 16.638 Thread 0x000002397ef15800 nmethod 3449 0x000002390ff62710 code [0x000002390ff628c0, 0x000002390ff62b78]
Event: 16.638 Thread 0x000002397ef15800 3450       4       org.springframework.core.ResolvableType::forType (115 bytes)
Event: 16.747 Thread 0x000002397f898000 3454       3       java.lang.invoke.MethodHandles$Lookup::checkField (56 bytes)
Event: 16.747 Thread 0x000002397f898000 nmethod 3454 0x000002390900fe90 code [0x0000023909010080, 0x0000023909010560]

GC Heap History (10 events):
Event: 11.286 GC heap before
{Heap before GC invocations=9 (full 0):
 garbage-first heap   total 65536K, used 38835K [0x00000000c1600000, 0x0000000100000000)
  region size 1024K, 30 young (30720K), 3 survivors (3072K)
 Metaspace       used 27335K, capacity 28133K, committed 28160K, reserved 1073152K
  class space    used 3256K, capacity 3579K, committed 3584K, reserved 1048576K
}
Event: 11.294 GC heap after
{Heap after GC invocations=10 (full 0):
 garbage-first heap   total 65536K, used 12923K [0x00000000c1600000, 0x0000000100000000)
  region size 1024K, 3 young (3072K), 3 survivors (3072K)
 Metaspace       used 27335K, capacity 28133K, committed 28160K, reserved 1073152K
  class space    used 3256K, capacity 3579K, committed 3584K, reserved 1048576K
}
Event: 11.602 GC heap before
{Heap before GC invocations=10 (full 0):
 garbage-first heap   total 65536K, used 39547K [0x00000000c1600000, 0x0000000100000000)
  region size 1024K, 30 young (30720K), 3 survivors (3072K)
 Metaspace       used 28260K, capacity 29127K, committed 29312K, reserved 1075200K
  class space    used 3350K, capacity 3699K, committed 3712K, reserved 1048576K
}
Event: 11.609 GC heap after
{Heap after GC invocations=11 (full 0):
 garbage-first heap   total 65536K, used 13098K [0x00000000c1600000, 0x0000000100000000)
  region size 1024K, 2 young (2048K), 2 survivors (2048K)
 Metaspace       used 28260K, capacity 29127K, committed 29312K, reserved 1075200K
  class space    used 3350K, capacity 3699K, committed 3712K, reserved 1048576K
}
Event: 12.682 GC heap before
{Heap before GC invocations=11 (full 0):
 garbage-first heap   total 65536K, used 41770K [0x00000000c1600000, 0x0000000100000000)
  region size 1024K, 31 young (31744K), 2 survivors (2048K)
 Metaspace       used 31485K, capacity 32394K, committed 32512K, reserved 1077248K
  class space    used 3689K, capacity 4041K, committed 4096K, reserved 1048576K
}
Event: 12.690 GC heap after
{Heap after GC invocations=12 (full 0):
 garbage-first heap   total 65536K, used 13853K [0x00000000c1600000, 0x0000000100000000)
  region size 1024K, 3 young (3072K), 3 survivors (3072K)
 Metaspace       used 31485K, capacity 32394K, committed 32512K, reserved 1077248K
  class space    used 3689K, capacity 4041K, committed 4096K, reserved 1048576K
}
Event: 13.892 GC heap before
{Heap before GC invocations=12 (full 0):
 garbage-first heap   total 65536K, used 43549K [0x00000000c1600000, 0x0000000100000000)
  region size 1024K, 32 young (32768K), 3 survivors (3072K)
 Metaspace       used 33381K, capacity 34330K, committed 34560K, reserved 1079296K
  class space    used 3932K, capacity 4299K, committed 4352K, reserved 1048576K
}
Event: 13.901 GC heap after
{Heap after GC invocations=13 (full 0):
 garbage-first heap   total 78848K, used 14456K [0x00000000c1600000, 0x0000000100000000)
  region size 1024K, 3 young (3072K), 3 survivors (3072K)
 Metaspace       used 33381K, capacity 34330K, committed 34560K, reserved 1079296K
  class space    used 3932K, capacity 4299K, committed 4352K, reserved 1048576K
}
Event: 15.599 GC heap before
{Heap before GC invocations=13 (full 0):
 garbage-first heap   total 78848K, used 28792K [0x00000000c1600000, 0x0000000100000000)
  region size 1024K, 18 young (18432K), 3 survivors (3072K)
 Metaspace       used 34733K, capacity 35756K, committed 35840K, reserved 1081344K
  class space    used 4129K, capacity 4560K, committed 4608K, reserved 1048576K
}
Event: 15.610 GC heap after
{Heap after GC invocations=14 (full 0):
 garbage-first heap   total 78848K, used 15172K [0x00000000c1600000, 0x0000000100000000)
  region size 1024K, 3 young (3072K), 3 survivors (3072K)
 Metaspace       used 34733K, capacity 35756K, committed 35840K, reserved 1081344K
  class space    used 4129K, capacity 4560K, committed 4608K, reserved 1048576K
}

Deoptimization events (10 events):
Event: 12.780 Thread 0x000002397c3db800 Uncommon trap: reason=unstable_if action=reinterpret pc=0x000002390fef7854 method=java.util.concurrent.ConcurrentHashMap.putVal(Ljava/lang/Object;Ljava/lang/Object;Z)Ljava/lang/Object; @ 112 c2
Event: 13.874 Thread 0x000002397c3db800 Uncommon trap: reason=predicate action=maybe_recompile pc=0x000002390ff1ce58 method=java.util.AbstractCollection.toArray([Ljava/lang/Object;)[Ljava/lang/Object; @ 43 c2
Event: 14.784 Thread 0x000002397c3db800 Uncommon trap: reason=intrinsic_or_type_checked_inlining action=make_not_entrant pc=0x000002390ff153d8 method=java.util.ArrayList.toArray([Ljava/lang/Object;)[Ljava/lang/Object; @ 36 c2
Event: 15.212 Thread 0x000002397c3db800 Uncommon trap: reason=class_check action=maybe_recompile pc=0x000002390ff0e860 method=org.springframework.util.ConcurrentReferenceHashMap$Segment.findInChain(Lorg/springframework/util/ConcurrentReferenceHashMap$Reference;Ljava/lang/Object;I)Lorg/springfra
Event: 15.293 Thread 0x000002397c3db800 Uncommon trap: reason=class_check action=maybe_recompile pc=0x000002390ff0e860 method=org.springframework.util.ConcurrentReferenceHashMap$Segment.findInChain(Lorg/springframework/util/ConcurrentReferenceHashMap$Reference;Ljava/lang/Object;I)Lorg/springfra
Event: 15.301 Thread 0x000002397c3db800 Uncommon trap: reason=class_check action=maybe_recompile pc=0x000002390ff0e860 method=org.springframework.util.ConcurrentReferenceHashMap$Segment.findInChain(Lorg/springframework/util/ConcurrentReferenceHashMap$Reference;Ljava/lang/Object;I)Lorg/springfra
Event: 15.364 Thread 0x000002397c3db800 Uncommon trap: reason=class_check action=maybe_recompile pc=0x000002390ff0e860 method=org.springframework.util.ConcurrentReferenceHashMap$Segment.findInChain(Lorg/springframework/util/ConcurrentReferenceHashMap$Reference;Ljava/lang/Object;I)Lorg/springfra
Event: 15.389 Thread 0x000002397c3db800 Uncommon trap: reason=class_check action=maybe_recompile pc=0x000002390ff11218 method=org.springframework.util.ConcurrentReferenceHashMap$Segment.findInChain(Lorg/springframework/util/ConcurrentReferenceHashMap$Reference;Ljava/lang/Object;I)Lorg/springfra
Event: 15.909 Thread 0x000002397c3db800 Uncommon trap: reason=unstable_if action=reinterpret pc=0x000002390ff508e8 method=org.springframework.beans.factory.support.RootBeanDefinition.getTargetType()Ljava/lang/Class; @ 18 c2
Event: 16.627 Thread 0x000002397c3db800 Uncommon trap: reason=unstable_if action=reinterpret pc=0x000002390ff54d2c method=org.springframework.core.ResolvableType$1.isAssignableFrom(Ljava/lang/Class;)Z @ 15 c2

Classes redefined (0 events):
No events

Internal exceptions (10 events):
Event: 11.330 Thread 0x000002397fa38800 Exception <a 'java/lang/NoSuchMethodError'{0x00000000c552e350}: java.lang.invoke.DirectMethodHandle$Holder.invokeSpecial(Ljava/lang/Object;Ljava/lang/Object;IILjava/lang/Object;Ljava/lang/Object;Ljava/lang/Object;)Ljava/lang/Object;> (0x00000000c552e350) 
Event: 11.331 Thread 0x000002397fa38800 Exception <a 'java/lang/NoSuchMethodError'{0x00000000c55318d8}: java.lang.invoke.DelegatingMethodHandle$Holder.reinvoke_L(Ljava/lang/Object;IILjava/lang/Object;Ljava/lang/Object;Ljava/lang/Object;)Ljava/lang/Object;> (0x00000000c55318d8) thrown at [./open
Event: 11.337 Thread 0x000002397fa38800 Exception <a 'java/lang/NoSuchMethodError'{0x00000000c5536308}: java.lang.invoke.DirectMethodHandle$Holder.invokeStatic(Ljava/lang/Object;Ljava/lang/Object;Ljava/lang/Object;Ljava/lang/Object;I)Ljava/lang/Object;> (0x00000000c5536308) thrown at [./open/sr
Event: 11.832 Thread 0x000002397c3db800 Exception <a 'java/lang/IncompatibleClassChangeError'{0x00000000c4f963e8}: Found class java.lang.Object, but interface was expected> (0x00000000c4f963e8) thrown at [./open/src/hotspot/share/interpreter/linkResolver.cpp, line 838]
Event: 12.890 Thread 0x000002397fa38800 Exception <a 'java/lang/NoSuchMethodError'{0x00000000c4fdada0}: java.lang.invoke.DirectMethodHandle$Holder.invokeSpecial(Ljava/lang/Object;Ljava/lang/Object;)J> (0x00000000c4fdada0) thrown at [./open/src/hotspot/share/interpreter/linkResolver.cpp, line 77
Event: 12.893 Thread 0x000002397fa38800 Exception <a 'java/lang/NoSuchMethodError'{0x00000000c4fe5348}: java.lang.invoke.DirectMethodHandle$Holder.invokeStatic(Ljava/lang/Object;Ljava/lang/Object;)J> (0x00000000c4fe5348) thrown at [./open/src/hotspot/share/interpreter/linkResolver.cpp, line 772
Event: 12.893 Thread 0x000002397fa38800 Exception <a 'java/lang/NoSuchMethodError'{0x00000000c4fe8170}: java.lang.invoke.DirectMethodHandle$Holder.invokeStaticInit(Ljava/lang/Object;Ljava/lang/Object;)J> (0x00000000c4fe8170) thrown at [./open/src/hotspot/share/interpreter/linkResolver.cpp, line
Event: 12.896 Thread 0x000002397fa38800 Exception <a 'java/lang/NoSuchMethodError'{0x00000000c4ff4630}: java.lang.invoke.DirectMethodHandle$Holder.invokeInterface(Ljava/lang/Object;Ljava/lang/Object;)J> (0x00000000c4ff4630) thrown at [./open/src/hotspot/share/interpreter/linkResolver.cpp, line 
Event: 12.896 Thread 0x000002397fa38800 Exception <a 'java/lang/IncompatibleClassChangeError'{0x00000000c4ff73c8}: Found class java.lang.Object, but interface was expected> (0x00000000c4ff73c8) thrown at [./open/src/hotspot/share/interpreter/linkResolver.cpp, line 838]
Event: 12.923 Thread 0x000002397fa38800 Exception <a 'java/lang/NoSuchMethodError'{0x00000000c4def100}: java.lang.invoke.DirectMethodHandle$Holder.invokeVirtual(Ljava/lang/Object;Ljava/lang/Object;Ljava/lang/Object;Ljava/lang/Object;)Ljava/lang/Object;> (0x00000000c4def100) thrown at [./open/sr

Events (10 events):
Event: 16.833 loading class org/springframework/cglib/core/ReflectUtils$7
Event: 16.833 loading class org/springframework/cglib/core/ReflectUtils$7 done
Event: 16.834 loading class org/springframework/cglib/core/ReflectUtils$1
Event: 16.834 loading class org/springframework/cglib/core/ReflectUtils$1 done
Event: 16.835 loading class org/springframework/cglib/core/ReflectUtils$2
Event: 16.835 loading class org/springframework/cglib/core/ReflectUtils$2 done
Event: 16.836 loading class org/springframework/cglib/core/ReflectUtils$3
Event: 16.836 loading class org/springframework/cglib/core/ReflectUtils$3 done
Event: 16.838 loading class org/springframework/cglib/core/ReflectUtils$5
Event: 16.838 loading class org/springframework/cglib/core/ReflectUtils$5 done


Dynamic libraries:
0x00007ff6fda20000 - 0x00007ff6fda2f000 	C:\Program Files\Java\jdk-11.0.8\bin\java.exe
0x00007ffb6db50000 - 0x00007ffb6dd3d000 	C:\WINDOWS\SYSTEM32\ntdll.dll
0x00007ffb6d610000 - 0x00007ffb6d6c3000 	C:\WINDOWS\System32\KERNEL32.DLL
0x00007ffb69c00000 - 0x00007ffb69e95000 	C:\WINDOWS\System32\KERNELBASE.dll
0x00007ffb6ac70000 - 0x00007ffb6ad6a000 	C:\WINDOWS\System32\ucrtbase.dll
0x00007ffb564f0000 - 0x00007ffb56508000 	C:\Program Files\Java\jdk-11.0.8\bin\jli.dll
0x00007ffb5e840000 - 0x00007ffb5e855000 	C:\Program Files\Java\jdk-11.0.8\bin\VCRUNTIME140.dll
0x00007ffb6d490000 - 0x00007ffb6d533000 	C:\WINDOWS\System32\ADVAPI32.dll
0x00007ffb6cc00000 - 0x00007ffb6cc9e000 	C:\WINDOWS\System32\msvcrt.dll
0x00007ffb6da00000 - 0x00007ffb6da9e000 	C:\WINDOWS\System32\sechost.dll
0x00007ffb6b480000 - 0x00007ffb6b5a2000 	C:\WINDOWS\System32\RPCRT4.dll
0x00007ffb6b0d0000 - 0x00007ffb6b267000 	C:\WINDOWS\System32\USER32.dll
0x00007ffb557a0000 - 0x00007ffb55a19000 	C:\WINDOWS\WinSxS\amd64_microsoft.windows.common-controls_6595b64144ccf1df_6.0.17763.1518_none_de6e2bd0534e2567\COMCTL32.dll
0x00007ffb69fc0000 - 0x00007ffb69fe0000 	C:\WINDOWS\System32\win32u.dll
0x00007ffb6d6d0000 - 0x00007ffb6d9fd000 	C:\WINDOWS\System32\combase.dll
0x00007ffb69f40000 - 0x00007ffb69fbe000 	C:\WINDOWS\System32\bcryptPrimitives.dll
0x00007ffb6b3d0000 - 0x00007ffb6b3f9000 	C:\WINDOWS\System32\GDI32.dll
0x00007ffb6a840000 - 0x00007ffb6a9dc000 	C:\WINDOWS\System32\gdi32full.dll
0x00007ffb6a740000 - 0x00007ffb6a7e0000 	C:\WINDOWS\System32\msvcp_win.dll
0x00007ffb5f170000 - 0x00007ffb5f17a000 	C:\WINDOWS\SYSTEM32\VERSION.dll
0x00007ffb6ad70000 - 0x00007ffb6ad9e000 	C:\WINDOWS\System32\IMM32.DLL
0x00007ffb3ad50000 - 0x00007ffb3adeb000 	C:\Program Files\Java\jdk-11.0.8\bin\msvcp140.dll
0x00007ffb30a30000 - 0x00007ffb31516000 	C:\Program Files\Java\jdk-11.0.8\bin\server\jvm.dll
0x00007ffb6d120000 - 0x00007ffb6d128000 	C:\WINDOWS\System32\PSAPI.DLL
0x00007ffb44be0000 - 0x00007ffb44be9000 	C:\WINDOWS\SYSTEM32\WSOCK32.dll
0x00007ffb6cb10000 - 0x00007ffb6cb7d000 	C:\WINDOWS\System32\WS2_32.dll
0x00007ffb66590000 - 0x00007ffb665b4000 	C:\WINDOWS\SYSTEM32\WINMM.dll
0x00007ffb66560000 - 0x00007ffb6658d000 	C:\WINDOWS\SYSTEM32\winmmbase.dll
0x00007ffb69ef0000 - 0x00007ffb69f3a000 	C:\WINDOWS\System32\cfgmgr32.dll
0x00007ffb69bc0000 - 0x00007ffb69bd1000 	C:\WINDOWS\System32\kernel.appcore.dll
0x00007ffb668a0000 - 0x00007ffb668b0000 	C:\Program Files\Java\jdk-11.0.8\bin\verify.dll
0x00007ffb56650000 - 0x00007ffb5683d000 	C:\WINDOWS\SYSTEM32\DBGHELP.DLL
0x00007ffb4a620000 - 0x00007ffb4a64a000 	C:\WINDOWS\SYSTEM32\dbgcore.DLL
0x00007ffb4d020000 - 0x00007ffb4d048000 	C:\Program Files\Java\jdk-11.0.8\bin\java.dll
0x00007ffb66610000 - 0x00007ffb6661a000 	C:\Program Files\Java\jdk-11.0.8\bin\jimage.dll
0x00007ffb56000000 - 0x00007ffb5600e000 	C:\Program Files\Java\jdk-11.0.8\bin\instrument.dll
0x00007ffb51340000 - 0x00007ffb51356000 	C:\Program Files\Java\jdk-11.0.8\bin\zip.dll
0x00007ffb6b5b0000 - 0x00007ffb6caa9000 	C:\WINDOWS\System32\SHELL32.dll
0x00007ffb6ada0000 - 0x00007ffb6ae48000 	C:\WINDOWS\System32\shcore.dll
0x00007ffb69fe0000 - 0x00007ffb6a732000 	C:\WINDOWS\System32\windows.storage.dll
0x00007ffb69b90000 - 0x00007ffb69bb4000 	C:\WINDOWS\System32\profapi.dll
0x00007ffb69b30000 - 0x00007ffb69b8d000 	C:\WINDOWS\System32\powrprof.dll
0x00007ffb6b070000 - 0x00007ffb6b0c2000 	C:\WINDOWS\System32\shlwapi.dll
0x00007ffb69ed0000 - 0x00007ffb69ee7000 	C:\WINDOWS\System32\cryptsp.dll
0x00007ffb50510000 - 0x00007ffb50529000 	C:\Program Files\Java\jdk-11.0.8\bin\net.dll
0x00007ffb5eb00000 - 0x00007ffb5ebf4000 	C:\WINDOWS\SYSTEM32\WINHTTP.dll
0x00007ffb693a0000 - 0x00007ffb69407000 	C:\WINDOWS\system32\mswsock.dll
0x00007ffb45ab0000 - 0x00007ffb45ac2000 	C:\Program Files\Java\jdk-11.0.8\bin\nio.dll
0x00007ffb3b4c0000 - 0x00007ffb3b4da000 	C:\Program Files\JetBrains\IntelliJ IDEA 2019.3.4\bin\breakgen64.dll
0x00007ffb65ab0000 - 0x00007ffb65ab9000 	C:\Program Files\Java\jdk-11.0.8\bin\management.dll
0x00007ffb63a50000 - 0x00007ffb63a5b000 	C:\Program Files\Java\jdk-11.0.8\bin\management_ext.dll
0x00007ffb49de0000 - 0x00007ffb49df6000 	C:\WINDOWS\system32\napinsp.dll
0x00007ffb49dc0000 - 0x00007ffb49dda000 	C:\WINDOWS\system32\pnrpnsp.dll
0x00007ffb69100000 - 0x00007ffb691c7000 	C:\WINDOWS\SYSTEM32\DNSAPI.dll
0x00007ffb6cb80000 - 0x00007ffb6cb88000 	C:\WINDOWS\System32\NSI.dll
0x00007ffb690c0000 - 0x00007ffb690fd000 	C:\WINDOWS\SYSTEM32\IPHLPAPI.DLL
0x00007ffb49db0000 - 0x00007ffb49dbe000 	C:\WINDOWS\System32\winrnr.dll
0x00007ffb66830000 - 0x00007ffb6684b000 	C:\WINDOWS\system32\NLAapi.dll
0x00007ffb49d90000 - 0x00007ffb49da5000 	C:\WINDOWS\system32\wshbth.dll
0x00007ffb5cfe0000 - 0x00007ffb5cfea000 	C:\Windows\System32\rasadhlp.dll
0x00007ffb5ea40000 - 0x00007ffb5eab9000 	C:\WINDOWS\System32\fwpuclnt.dll
0x00007ffb69ea0000 - 0x00007ffb69ec6000 	C:\WINDOWS\System32\bcrypt.dll

dbghelp: loaded successfully - version: 4.0.5 - missing functions: none
symbol engine: initialized successfully - sym options: 0x614 - pdb path: .;C:\Program Files\Java\jdk-11.0.8\bin;C:\WINDOWS\SYSTEM32;C:\WINDOWS\WinSxS\amd64_microsoft.windows.common-controls_6595b64144ccf1df_6.0.17763.1518_none_de6e2bd0534e2567;C:\Program Files\Java\jdk-11.0.8\bin\server;C:\Program Files\JetBrains\IntelliJ IDEA 2019.3.4\bin

VM Arguments:
jvm_args: -ea -javaagent:C:\Users\Loic\.IntelliJIdea2019.3\system\testAgent\intellij-coverage-agent-1.0.508.jar=C:\Users\Loic\AppData\Local\Temp\coverage1904args -Didea.test.cyclic.buffer.size=1048576 -javaagent:C:\Program Files\JetBrains\IntelliJ IDEA 2019.3.4\lib\idea_rt.jar=61530:C:\Program Files\JetBrains\IntelliJ IDEA 2019.3.4\bin -Dfile.encoding=UTF-8 
java_command: com.intellij.rt.junit.JUnitStarter -ideVersion5 -junit5 @w@C:\Users\Loic\AppData\Local\Temp\idea_working_dirs_junit.tmp @C:\Users\Loic\AppData\Local\Temp\idea_junit.tmp
java_class_path (initial): C:\Program Files\JetBrains\IntelliJ IDEA 2019.3.4\lib\idea_rt.jar;C:\Program Files\JetBrains\IntelliJ IDEA 2019.3.4\plugins\junit\lib\junit5-rt.jar;C:\Program Files\JetBrains\IntelliJ IDEA 2019.3.4\plugins\junit\lib\junit-rt.jar;C:\Users\Loic\IdeaProjects\Projet-Integre-EQ1\target\test-classes;C:\Users\Loic\IdeaProjects\Projet-Integre-EQ1\target\classes;C:\Users\Loic\.m2\repository\org\springframework\boot\spring-boot-starter-data-jpa\2.3.3.RELEASE\spring-boot-starter-data-jpa-2.3.3.RELEASE.jar;C:\Users\Loic\.m2\repository\org\springframework\boot\spring-boot-starter-aop\2.3.3.RELEASE\spring-boot-starter-aop-2.3.3.RELEASE.jar;C:\Users\Loic\.m2\repository\org\springframework\spring-aop\5.2.8.RELEASE\spring-aop-5.2.8.RELEASE.jar;C:\Users\Loic\.m2\repository\org\aspectj\aspectjweaver\1.9.6\aspectjweaver-1.9.6.jar;C:\Users\Loic\.m2\repository\org\springframework\boot\spring-boot-starter-jdbc\2.3.3.RELEASE\spring-boot-starter-jdbc-2.3.3.RELEASE.jar;C:\Users\Loic\.m2\repository\com\zaxxer\HikariCP\3.4.5\HikariCP-3.4.5.jar;C:\Users\Loic\.m2\repository\org\springframework\spring-jdbc\5.2.8.RELEASE\spring-jdbc-5.2.8.RELEASE.jar;C:\Users\Loic\.m2\repository\jakarta\transaction\jakarta.transaction-api\1.3.3\jakarta.transaction-api-1.3.3.jar;C:\Users\Loic\.m2\repository\jakarta\persistence\jakarta.persistence-api\2.2.3\jakarta.persistence-api-2.2.3.jar;C:\Users\Loic\.m2\repository\org\hibernate\hibernate-core\5.4.20.Final\hibernate-core-5.4.20.Final.jar;C:\Users\Loic\.m2\repository\org\jboss\logging\jboss-logging\3.4.1.Final\jboss-logging-3.4.1.Final.jar;C:\Users\Loic\.m2\repository\org\javassist\javassist\3.24.0-GA\javassist-3.24.0-GA.jar;C:\Users\Loic\.m2\repository\net\bytebuddy\byte-buddy\1.10.14\byte-buddy-1.10.14.jar;C:\Users\Loic\.m2\repository\antlr\antlr\2.7.7\antlr-2.7.7.jar;C:\Users\Loic\.m2\repository\org\jboss\jandex\2.1.3.Final\jandex-2.1.3.Final.jar;C:\Users\Loic\.m2\repository\com\fasterxml\classmate\1.5.1\classmate-1.5.1.jar;C:\User
Launcher Type: SUN_STANDARD

[Global flags]
     intx CICompilerCount                          = 3                                         {product} {ergonomic}
     uint ConcGCThreads                            = 1                                         {product} {ergonomic}
     uint G1ConcRefinementThreads                  = 4                                         {product} {ergonomic}
   size_t G1HeapRegionSize                         = 1048576                                   {product} {ergonomic}
    uintx GCDrainStackTargetSize                   = 64                                        {product} {ergonomic}
   size_t InitialHeapSize                          = 67108864                                  {product} {ergonomic}
   size_t MarkStackSize                            = 4194304                                   {product} {ergonomic}
   size_t MaxHeapSize                              = 1050673152                                {product} {ergonomic}
   size_t MaxNewSize                               = 630194176                                 {product} {ergonomic}
   size_t MinHeapDeltaBytes                        = 1048576                                   {product} {ergonomic}
    uintx NonNMethodCodeHeapSize                   = 5830732                                {pd product} {ergonomic}
    uintx NonProfiledCodeHeapSize                  = 122913754                              {pd product} {ergonomic}
    uintx ProfiledCodeHeapSize                     = 122913754                              {pd product} {ergonomic}
    uintx ReservedCodeCacheSize                    = 251658240                              {pd product} {ergonomic}
     bool SegmentedCodeCache                       = true                                      {product} {ergonomic}
     bool UseCompressedClassPointers               = true                                 {lp64_product} {ergonomic}
     bool UseCompressedOops                        = true                                 {lp64_product} {ergonomic}
     bool UseG1GC                                  = true                                      {product} {ergonomic}
     bool UseLargePagesIndividualAllocation        = false                                  {pd product} {ergonomic}

Logging:
Log output configuration:
 #0: stdout all=warning uptime,level,tags
 #1: stderr all=off uptime,level,tags

Environment Variables:
JAVA_HOME=C:\Program Files\Android\Jdk\microsoft_dist_openjdk_1.8.0.25
PATH=C:\Program Files\Common Files\Oracle\Java\javapath;C:\oraclexe\app\oracle\product\11.2.0\server\bin;C:\Program Files (x86)\Common Files\Oracle\Java\javapath;C:\WINDOWS\system32;C:\WINDOWS;C:\WINDOWS\System32\Wbem;C:\WINDOWS\System32\WindowsPowerShell\v1.0\;C:\WINDOWS\System32\OpenSSH\;C:\Program Files\PuTTY\;C:\Program Files\Git\cmd;C:\Program Files\nodejs\;C:\Program Files (x86)\Common Files\Adobe\AGL;C:\Program Files\MongoDB\Server\4.2\bin;C:\Users\Loic\AppData\Roaming\npm\node_modules\@angular\cli;C:\Users\Loic\AppData\Roaming\npm;C:\Program Files\nodejs;C:\Program Files (x86)\Android\android-sdk\build-tools\28.0.3
USERNAME=Loic
OS=Windows_NT
PROCESSOR_IDENTIFIER=Intel64 Family 6 Model 69 Stepping 1, GenuineIntel



---------------  S Y S T E M  ---------------

OS: Windows 10 , 64 bit Build 17763 (10.0.17763.475)

CPU:total 4 (initial active 4) (2 cores per cpu, 2 threads per core) family 6 model 69 stepping 1, cmov, cx8, fxsr, mmx, sse, sse2, sse3, ssse3, sse4.1, sse4.2, popcnt, avx, avx2, aes, clmul, erms, lzcnt, ht, tsc, tscinvbit, bmi1, bmi2, fma

Memory: 4k page, system-wide physical 4001M (42M free)
TotalPageFile size 13476M (AvailPageFile size 5M)
current process WorkingSet (physical memory assigned to process): 183M, peak: 186M
current process commit charge ("private bytes"): 238M, peak: 240M

vm_info: Java HotSpot(TM) 64-Bit Server VM (11.0.8+10-LTS) for windows-amd64 JRE (11.0.8+10-LTS), built on Jun 16 2020 05:53:08 by "mach5one" with unknown MS VC++:1916

END.
